Using pre-set license
Built from '2022.3/staging' branch; Version is '2022.3.43f1 (85497d293fa1) revision 8735101'; Using compiler version '192829333'; Build Type 'Release'
OS: 'Windows 10  (10.0.19045) 64bit Professional' Language: 'ru' Physical Memory: 32607 MB
BatchMode: 1, IsHumanControllingUs: 0, StartBugReporterOnCrash: 0, Is64bit: 1, IsPro: 1

COMMAND LINE ARGUMENTS:
C:\2022.3.43f1\Editor\Unity.exe
-adb2
-batchMode
-noUpm
-name
AssetImportWorker1
-projectPath
C:/Unity/Canvas
-logFile
Logs/AssetImportWorker1.log
-srvPort
60425
Successfully changed project path to: C:/Unity/Canvas
C:/Unity/Canvas
[UnityMemory] Configuration Parameters - Can be set up in boot.config
    "memorysetup-bucket-allocator-granularity=16"
    "memorysetup-bucket-allocator-bucket-count=8"
    "memorysetup-bucket-allocator-block-size=33554432"
    "memorysetup-bucket-allocator-block-count=8"
    "memorysetup-main-allocator-block-size=16777216"
    "memorysetup-thread-allocator-block-size=16777216"
    "memorysetup-gfx-main-allocator-block-size=16777216"
    "memorysetup-gfx-thread-allocator-block-size=16777216"
    "memorysetup-cache-allocator-block-size=4194304"
    "memorysetup-typetree-allocator-block-size=2097152"
    "memorysetup-profiler-bucket-allocator-granularity=16"
    "memorysetup-profiler-bucket-allocator-bucket-count=8"
    "memorysetup-profiler-bucket-allocator-block-size=33554432"
    "memorysetup-profiler-bucket-allocator-block-count=8"
    "memorysetup-profiler-allocator-block-size=16777216"
    "memorysetup-profiler-editor-allocator-block-size=1048576"
    "memorysetup-temp-allocator-size-main=16777216"
    "memorysetup-job-temp-allocator-block-size=2097152"
    "memorysetup-job-temp-allocator-block-size-background=1048576"
    "memorysetup-job-temp-allocator-reduction-small-platforms=262144"
    "memorysetup-allocator-temp-initial-block-size-main=262144"
    "memorysetup-allocator-temp-initial-block-size-worker=262144"
    "memorysetup-temp-allocator-size-background-worker=32768"
    "memorysetup-temp-allocator-size-job-worker=262144"
    "memorysetup-temp-allocator-size-preload-manager=33554432"
    "memorysetup-temp-allocator-size-nav-mesh-worker=65536"
    "memorysetup-temp-allocator-size-audio-worker=65536"
    "memorysetup-temp-allocator-size-cloud-worker=32768"
    "memorysetup-temp-allocator-size-gi-baking-worker=262144"
    "memorysetup-temp-allocator-size-gfx=262144"
Player connection [21184]  Target information:

Player connection [21184]  * "[IP] 192.168.0.4 [Port] 0 [Flags] 2 [Guid] 256673176 [EditorId] 256673176 [Version] 1048832 [Id] WindowsEditor(7,DESKTOP-T40EBCM) [Debug] 1 [PackageName] WindowsEditor [ProjectName] Editor" 

Player connection [21184] Host joined multi-casting on [225.0.0.222:54997]...
Player connection [21184] Host joined alternative multi-casting on [225.0.0.222:34997]...
[PhysX] Initialized MultithreadedTaskDispatcher with 20 workers.
Refreshing native plugins compatible for Editor in 11.22 ms, found 3 plugins.
Preloading 0 native plugins for Editor in 0.00 ms.
Initialize engine version: 2022.3.43f1 (85497d293fa1)
[Subsystems] Discovering subsystems at path C:/2022.3.43f1/Editor/Data/Resources/UnitySubsystems
[Subsystems] Discovering subsystems at path C:/Unity/Canvas/Assets
GfxDevice: creating device client; threaded=0; jobified=0
Direct3D:
    Version:  Direct3D 11.0 [level 11.1]
    Renderer: NVIDIA GeForce GTX 1660 SUPER (ID=0x21c4)
    Vendor:   NVIDIA
    VRAM:     5980 MB
    Driver:   31.0.15.3623
Initialize mono
Mono path[0] = 'C:/2022.3.43f1/Editor/Data/Managed'
Mono path[1] = 'C:/2022.3.43f1/Editor/Data/MonoBleedingEdge/lib/mono/unityjit-win32'
Mono config path = 'C:/2022.3.43f1/Editor/Data/MonoBleedingEdge/etc'
Using monoOptions --debugger-agent=transport=dt_socket,embedding=1,server=y,suspend=n,address=127.0.0.1:56968
Begin MonoManager ReloadAssembly
Registering precompiled unity dll's ...
Register platform support module: C:/2022.3.43f1/Editor/Data/PlaybackEngines/AndroidPlayer/UnityEditor.Android.Extensions.dll
Register platform support module: C:/2022.3.43f1/Editor/Data/PlaybackEngines/WindowsStandaloneSupport/UnityEditor.WindowsStandalone.Extensions.dll
Registered in 0.007791 seconds.
- Loaded All Assemblies, in  0.466 seconds
Native extension for WindowsStandalone target not found
Native extension for Android target not found
Android Extension - Scanning For ADB Devices 371 ms
Mono: successfully reloaded assembly
- Finished resetting the current domain, in  0.758 seconds
Domain Reload Profiling: 1223ms
	BeginReloadAssembly (138ms)
		ExecutionOrderSort (0ms)
		DisableScriptedObjects (0ms)
		BackupInstance (0ms)
		ReleaseScriptingObjects (0ms)
		CreateAndSetChildDomain (1ms)
	RebuildCommonClasses (46ms)
	RebuildNativeTypeToScriptingClass (15ms)
	initialDomainReloadingComplete (73ms)
	LoadAllAssembliesAndSetupDomain (193ms)
		LoadAssemblies (137ms)
		RebuildTransferFunctionScriptingTraits (0ms)
		AnalyzeDomain (190ms)
			TypeCache.Refresh (188ms)
				TypeCache.ScanAssembly (170ms)
			ScanForSourceGeneratedMonoScriptInfo (0ms)
			ResolveRequiredComponents (1ms)
	FinalizeReload (759ms)
		ReleaseScriptCaches (0ms)
		RebuildScriptCaches (0ms)
		SetupLoadedEditorAssemblies (695ms)
			LogAssemblyErrors (0ms)
			InitializePlatformSupportModulesInManaged (470ms)
			SetLoadedEditorAssemblies (6ms)
			RefreshPlugins (0ms)
			BeforeProcessingInitializeOnLoad (3ms)
			ProcessInitializeOnLoadAttributes (157ms)
			ProcessInitializeOnLoadMethodAttributes (59ms)
			AfterProcessingInitializeOnLoad (0ms)
			EditorAssembliesLoaded (0ms)
		ExecutionOrderSort2 (0ms)
		AwakeInstancesAfterBackupRestoration (0ms)
========================================================================
Worker process is ready to serve import requests
Caller must complete domain reload
Begin MonoManager ReloadAssembly
- Loaded All Assemblies, in  0.873 seconds
Native extension for WindowsStandalone target not found
Native extension for Android target not found
Package Manager log level set to [2]
[Package Manager] Server::EnsureServerProcessIsRunning -- launch failed, reason: Unity was launched with the -noUpm command-line argument
[Package Manager] UpmClient::Send -- Unable to send message (not connected to UPM process).
[Package Manager] Cannot connect to Unity Package Manager local server
Mono: successfully reloaded assembly
- Finished resetting the current domain, in  0.786 seconds
Domain Reload Profiling: 1657ms
	BeginReloadAssembly (207ms)
		ExecutionOrderSort (0ms)
		DisableScriptedObjects (8ms)
		BackupInstance (0ms)
		ReleaseScriptingObjects (0ms)
		CreateAndSetChildDomain (46ms)
	RebuildCommonClasses (42ms)
	RebuildNativeTypeToScriptingClass (16ms)
	initialDomainReloadingComplete (57ms)
	LoadAllAssembliesAndSetupDomain (548ms)
		LoadAssemblies (377ms)
		RebuildTransferFunctionScriptingTraits (0ms)
		AnalyzeDomain (279ms)
			TypeCache.Refresh (245ms)
				TypeCache.ScanAssembly (219ms)
			ScanForSourceGeneratedMonoScriptInfo (21ms)
			ResolveRequiredComponents (10ms)
	FinalizeReload (787ms)
		ReleaseScriptCaches (0ms)
		RebuildScriptCaches (0ms)
		SetupLoadedEditorAssemblies (578ms)
			LogAssemblyErrors (0ms)
			InitializePlatformSupportModulesInManaged (27ms)
			SetLoadedEditorAssemblies (5ms)
			RefreshPlugins (0ms)
			BeforeProcessingInitializeOnLoad (87ms)
			ProcessInitializeOnLoadAttributes (423ms)
			ProcessInitializeOnLoadMethodAttributes (28ms)
			AfterProcessingInitializeOnLoad (7ms)
			EditorAssembliesLoaded (0ms)
		ExecutionOrderSort2 (0ms)
		AwakeInstancesAfterBackupRestoration (8ms)
Launched and connected shader compiler UnityShaderCompiler.exe after 0.05 seconds
Refreshing native plugins compatible for Editor in 4.41 ms, found 3 plugins.
Preloading 0 native plugins for Editor in 0.00 ms.
Unloading 3089 Unused Serialized files (Serialized files now loaded: 0)
Unloading 19 unused Assets / (54.8 KB). Loaded Objects now: 3558.
Memory consumption went from 118.7 MB to 118.6 MB.
Total: 4.276900 ms (FindLiveObjects: 0.350200 ms CreateObjectMapping: 0.169300 ms MarkObjects: 3.645900 ms  DeleteObjects: 0.109800 ms)

AssetImportParameters requested are different than current active one (requested -> active):
  custom:container-demuxer-ogg: 62fdf1f143b41e24485cea50d1cbac27 -> 
  custom:video-decoder-ogg-theora: a1e56fd34408186e4bbccfd4996cb3dc -> 
  custom:framework-win-MediaFoundation: 216162199b28c13a410421893ffa2e32 -> 
  custom:CustomObjectIndexerAttribute: 9a22284fe3817be447336de3de66b15e -> 
  custom:container-demuxer-webm: 4f35f7cbe854078d1ac9338744f61a02 -> 
  custom:container-muxer-webm: aa71ff27fc2769a1b78a27578f13a17b -> 
  custom:video-decoder-webm-vp8: 9c59270c3fd7afecdb556c50c9e8de78 -> 
  custom:SearchIndexIgnoredProperties: e643bd26f0fe6173181afceb89e7c659 -> 
  custom:AudioImporter_EditorPlatform: d09bf68614088b80899f8185d706f6e7 -> 
  custom:video-encoder-webm-vp8: eb34c28f22e8b96e1ab97ce403110664 -> 
  custom:audio-decoder-ogg-vorbis: bf7c407c2cedff20999df2af8eb42d56 -> 
  custom:audio-encoder-webm-vorbis: bf7c407c2cedff20999df2af8eb42d56 -> 
========================================================================
Received Import Request.
  Time since last request: 345774.544511 seconds.
  path: Assets
  artifactKey: Guid(00000000000000001000000000000000) Importer(815301076,1909f56bfc062723c751e8b465ee728b)
Start importing Assets using Guid(00000000000000001000000000000000) Importer(815301076,1909f56bfc062723c751e8b465ee728b) [PhysX] Initialized MultithreadedTaskDispatcher with 20 workers.
 -> (artifact id: 'ae5280ad91af67e2a353905758f96678') in 0.002842 seconds
Number of updated asset objects reloaded before import = 0
Number of asset objects unloaded after import = 0
========================================================================
Received Import Request.
  Time since last request: 94.978911 seconds.
  path: Assets/PNG/arrowBeige_right.png
  artifactKey: Guid(5aa96e2ed0b613b4fa5130fc3202c182) Importer(815301076,1909f56bfc062723c751e8b465ee728b)
Start importing Assets/PNG/arrowBeige_right.png using Guid(5aa96e2ed0b613b4fa5130fc3202c182) Importer(815301076,1909f56bfc062723c751e8b465ee728b) [PhysX] Initialized MultithreadedTaskDispatcher with 20 workers.
[PhysX] Initialized MultithreadedTaskDispatcher with 20 workers.
 -> (artifact id: 'ddfb636a74a41bc156c8ad4b6839d174') in 0.112748 seconds
Number of updated asset objects reloaded before import = 0
Number of asset objects unloaded after import = 2
========================================================================
Received Import Request.
  Time since last request: 0.000031 seconds.
  path: Assets/PNG/arrowBlue_left.png
  artifactKey: Guid(60a77e1a858113340ba3178f4f5a50fa) Importer(815301076,1909f56bfc062723c751e8b465ee728b)
Start importing Assets/PNG/arrowBlue_left.png using Guid(60a77e1a858113340ba3178f4f5a50fa) Importer(815301076,1909f56bfc062723c751e8b465ee728b) [PhysX] Initialized MultithreadedTaskDispatcher with 20 workers.
[PhysX] Initialized MultithreadedTaskDispatcher with 20 workers.
 -> (artifact id: '0b15772a4509647819fbbad4427c7268') in 0.013975 seconds
Number of updated asset objects reloaded before import = 0
Number of asset objects unloaded after import = 2
========================================================================
Received Import Request.
  Time since last request: 0.000037 seconds.
  path: Assets/PNG/arrowSilver_left.png
  artifactKey: Guid(757a3847fe83f6e4ba5ae27fed0c23f6) Importer(815301076,1909f56bfc062723c751e8b465ee728b)
Start importing Assets/PNG/arrowSilver_left.png using Guid(757a3847fe83f6e4ba5ae27fed0c23f6) Importer(815301076,1909f56bfc062723c751e8b465ee728b) [PhysX] Initialized MultithreadedTaskDispatcher with 20 workers.
[PhysX] Initialized MultithreadedTaskDispatcher with 20 workers.
 -> (artifact id: 'eb6f910ac4e046fcc6c970ecf9203fc2') in 0.015198 seconds
Number of updated asset objects reloaded before import = 0
Number of asset objects unloaded after import = 2
========================================================================
Received Import Request.
  Time since last request: 0.000030 seconds.
  path: Assets/PNG/barGreen_verticalMid.png
  artifactKey: Guid(5302e8e18eb01de4d95b77de9907f207) Importer(815301076,1909f56bfc062723c751e8b465ee728b)
Start importing Assets/PNG/barGreen_verticalMid.png using Guid(5302e8e18eb01de4d95b77de9907f207) Importer(815301076,1909f56bfc062723c751e8b465ee728b) [PhysX] Initialized MultithreadedTaskDispatcher with 20 workers.
[PhysX] Initialized MultithreadedTaskDispatcher with 20 workers.
 -> (artifact id: '369e2d249cc43a4bcb734e3d59b38cfc') in 0.015179 seconds
Number of updated asset objects reloaded before import = 0
Number of asset objects unloaded after import = 2
========================================================================
Received Import Request.
  Time since last request: 0.000028 seconds.
  path: Assets/PNG/barRed_horizontalRight.png
  artifactKey: Guid(8f5d6115c72c241429c26e7549544ba8) Importer(815301076,1909f56bfc062723c751e8b465ee728b)
Start importing Assets/PNG/barRed_horizontalRight.png using Guid(8f5d6115c72c241429c26e7549544ba8) Importer(815301076,1909f56bfc062723c751e8b465ee728b) [PhysX] Initialized MultithreadedTaskDispatcher with 20 workers.
[PhysX] Initialized MultithreadedTaskDispatcher with 20 workers.
 -> (artifact id: '6ce999a978aa24f4ed67c6c16c39b4a2') in 0.014980 seconds
Number of updated asset objects reloaded before import = 0
Number of asset objects unloaded after import = 2
========================================================================
Received Import Request.
  Time since last request: 0.000024 seconds.
  path: Assets/PNG/barBack_horizontalLeft.png
  artifactKey: Guid(fa45676d497b45444b1dbec355371fb0) Importer(815301076,1909f56bfc062723c751e8b465ee728b)
Start importing Assets/PNG/barBack_horizontalLeft.png using Guid(fa45676d497b45444b1dbec355371fb0) Importer(815301076,1909f56bfc062723c751e8b465ee728b) [PhysX] Initialized MultithreadedTaskDispatcher with 20 workers.
[PhysX] Initialized MultithreadedTaskDispatcher with 20 workers.
 -> (artifact id: '2d345d1ffb31ff34f9d237ae5872be57') in 0.012875 seconds
Number of updated asset objects reloaded before import = 0
Number of asset objects unloaded after import = 2
========================================================================
Received Import Request.
  Time since last request: 0.000028 seconds.
  path: Assets/PNG/barBlue_horizontalBlue.png
  artifactKey: Guid(154df88174e4fb5498bf01fa9c5c0a13) Importer(815301076,1909f56bfc062723c751e8b465ee728b)
Start importing Assets/PNG/barBlue_horizontalBlue.png using Guid(154df88174e4fb5498bf01fa9c5c0a13) Importer(815301076,1909f56bfc062723c751e8b465ee728b) [PhysX] Initialized MultithreadedTaskDispatcher with 20 workers.
[PhysX] Initialized MultithreadedTaskDispatcher with 20 workers.
 -> (artifact id: 'd92411d9f8fab4d5367df615ee9a07bc') in 0.012426 seconds
Number of updated asset objects reloaded before import = 0
Number of asset objects unloaded after import = 2
========================================================================
Received Import Request.
  Time since last request: 0.000030 seconds.
  path: Assets/PNG/barBlue_horizontalLeft.png
  artifactKey: Guid(7a17bd0b04b817f4da64906e86e4d664) Importer(815301076,1909f56bfc062723c751e8b465ee728b)
Start importing Assets/PNG/barBlue_horizontalLeft.png using Guid(7a17bd0b04b817f4da64906e86e4d664) Importer(815301076,1909f56bfc062723c751e8b465ee728b) [PhysX] Initialized MultithreadedTaskDispatcher with 20 workers.
[PhysX] Initialized MultithreadedTaskDispatcher with 20 workers.
 -> (artifact id: '595f3d00f12b08b39d4f3aef70670a01') in 0.012400 seconds
Number of updated asset objects reloaded before import = 0
Number of asset objects unloaded after import = 2
========================================================================
Received Import Request.
  Time since last request: 0.000034 seconds.
  path: Assets/PNG/barBlue_verticalBottom.png
  artifactKey: Guid(0efd9d78ced5a5e4e97f8a55d157d4f2) Importer(815301076,1909f56bfc062723c751e8b465ee728b)
Start importing Assets/PNG/barBlue_verticalBottom.png using Guid(0efd9d78ced5a5e4e97f8a55d157d4f2) Importer(815301076,1909f56bfc062723c751e8b465ee728b) [PhysX] Initialized MultithreadedTaskDispatcher with 20 workers.
[PhysX] Initialized MultithreadedTaskDispatcher with 20 workers.
 -> (artifact id: 'f8fad6a53b1e2dea4111c29eca9e4e93') in 0.013919 seconds
Number of updated asset objects reloaded before import = 0
Number of asset objects unloaded after import = 2
========================================================================
Received Import Request.
  Time since last request: 0.000025 seconds.
  path: Assets/PNG/barGreen_horizontalLeft.png
  artifactKey: Guid(4a813ba5c9ea77547b3afe29e16d2575) Importer(815301076,1909f56bfc062723c751e8b465ee728b)
Start importing Assets/PNG/barGreen_horizontalLeft.png using Guid(4a813ba5c9ea77547b3afe29e16d2575) Importer(815301076,1909f56bfc062723c751e8b465ee728b) [PhysX] Initialized MultithreadedTaskDispatcher with 20 workers.
[PhysX] Initialized MultithreadedTaskDispatcher with 20 workers.
 -> (artifact id: '015e59a08002333ac44354d17e630598') in 0.013484 seconds
Number of updated asset objects reloaded before import = 0
Number of asset objects unloaded after import = 2
========================================================================
Received Import Request.
  Time since last request: 0.000023 seconds.
  path: Assets/PNG/barYellow_horizontalLeft.png
  artifactKey: Guid(52a9acc27a9a9e74ebfc1e6893ef8472) Importer(815301076,1909f56bfc062723c751e8b465ee728b)
Start importing Assets/PNG/barYellow_horizontalLeft.png using Guid(52a9acc27a9a9e74ebfc1e6893ef8472) Importer(815301076,1909f56bfc062723c751e8b465ee728b) [PhysX] Initialized MultithreadedTaskDispatcher with 20 workers.
[PhysX] Initialized MultithreadedTaskDispatcher with 20 workers.
 -> (artifact id: '795cfefb4e490b2f6bd070268c8d5ca5') in 0.013068 seconds
Number of updated asset objects reloaded before import = 0
Number of asset objects unloaded after import = 2
========================================================================
Received Import Request.
  Time since last request: 0.000031 seconds.
  path: Assets/PNG/barBack_verticalBottom.png
  artifactKey: Guid(16463d0adc5153f4d9cc9e3f5b07cfc5) Importer(815301076,1909f56bfc062723c751e8b465ee728b)
Start importing Assets/PNG/barBack_verticalBottom.png using Guid(16463d0adc5153f4d9cc9e3f5b07cfc5) Importer(815301076,1909f56bfc062723c751e8b465ee728b) [PhysX] Initialized MultithreadedTaskDispatcher with 20 workers.
[PhysX] Initialized MultithreadedTaskDispatcher with 20 workers.
 -> (artifact id: '26f98b518418664db0c32cea455dbbc3') in 0.011580 seconds
Number of updated asset objects reloaded before import = 0
Number of asset objects unloaded after import = 2
========================================================================
Received Import Request.
  Time since last request: 0.000036 seconds.
  path: Assets/PNG/barRed_horizontalLeft.png
  artifactKey: Guid(652b81a36e5cd4b42af2c1721504d714) Importer(815301076,1909f56bfc062723c751e8b465ee728b)
Start importing Assets/PNG/barRed_horizontalLeft.png using Guid(652b81a36e5cd4b42af2c1721504d714) Importer(815301076,1909f56bfc062723c751e8b465ee728b) [PhysX] Initialized MultithreadedTaskDispatcher with 20 workers.
[PhysX] Initialized MultithreadedTaskDispatcher with 20 workers.
 -> (artifact id: 'eadd94e709767b2b8ebdf702ea476844') in 0.012320 seconds
Number of updated asset objects reloaded before import = 0
Number of asset objects unloaded after import = 2
========================================================================
Received Import Request.
  Time since last request: 0.000031 seconds.
  path: Assets/PNG/arrowBlue_right.png
  artifactKey: Guid(4780a8fa5b08c614c9df3be4b4429723) Importer(815301076,1909f56bfc062723c751e8b465ee728b)
Start importing Assets/PNG/arrowBlue_right.png using Guid(4780a8fa5b08c614c9df3be4b4429723) Importer(815301076,1909f56bfc062723c751e8b465ee728b) [PhysX] Initialized MultithreadedTaskDispatcher with 20 workers.
[PhysX] Initialized MultithreadedTaskDispatcher with 20 workers.
 -> (artifact id: 'f74ca7848e9d493cf6e7635b0642a0a9') in 0.014041 seconds
Number of updated asset objects reloaded before import = 0
Number of asset objects unloaded after import = 2
========================================================================
Received Import Request.
  Time since last request: 0.328292 seconds.
  path: Assets/PNG/barYellow_horizontalRight.png
  artifactKey: Guid(2842b922c9dd0e4468a8da68e1073f56) Importer(815301076,1909f56bfc062723c751e8b465ee728b)
Start importing Assets/PNG/barYellow_horizontalRight.png using Guid(2842b922c9dd0e4468a8da68e1073f56) Importer(815301076,1909f56bfc062723c751e8b465ee728b) [PhysX] Initialized MultithreadedTaskDispatcher with 20 workers.
[PhysX] Initialized MultithreadedTaskDispatcher with 20 workers.
 -> (artifact id: '622a5a16bf29a9133915c5e77d71333b') in 0.013166 seconds
Number of updated asset objects reloaded before import = 0
Number of asset objects unloaded after import = 2
========================================================================
Received Import Request.
  Time since last request: 0.000028 seconds.
  path: Assets/PNG/barYellow_verticalTop.png
  artifactKey: Guid(66e657163e9eea84b9a397b76898e037) Importer(815301076,1909f56bfc062723c751e8b465ee728b)
Start importing Assets/PNG/barYellow_verticalTop.png using Guid(66e657163e9eea84b9a397b76898e037) Importer(815301076,1909f56bfc062723c751e8b465ee728b) [PhysX] Initialized MultithreadedTaskDispatcher with 20 workers.
[PhysX] Initialized MultithreadedTaskDispatcher with 20 workers.
 -> (artifact id: '185360697647adfd33951f598d4c0554') in 0.013467 seconds
Number of updated asset objects reloaded before import = 0
Number of asset objects unloaded after import = 2
========================================================================
Received Import Request.
  Time since last request: 0.000039 seconds.
  path: Assets/PNG/buttonLong_beige_pressed.png
  artifactKey: Guid(9ee7a6344c4c9d54b9bbe7647efac173) Importer(815301076,1909f56bfc062723c751e8b465ee728b)
Start importing Assets/PNG/buttonLong_beige_pressed.png using Guid(9ee7a6344c4c9d54b9bbe7647efac173) Importer(815301076,1909f56bfc062723c751e8b465ee728b) [PhysX] Initialized MultithreadedTaskDispatcher with 20 workers.
[PhysX] Initialized MultithreadedTaskDispatcher with 20 workers.
 -> (artifact id: 'c203310755d88ca8087997d88271bd91') in 0.014414 seconds
Number of updated asset objects reloaded before import = 0
Number of asset objects unloaded after import = 2
========================================================================
Received Import Request.
  Time since last request: 0.000029 seconds.
  path: Assets/PNG/barYellow_verticalBottom.png
  artifactKey: Guid(3b4842b9f871f994481fd564a0303564) Importer(815301076,1909f56bfc062723c751e8b465ee728b)
Start importing Assets/PNG/barYellow_verticalBottom.png using Guid(3b4842b9f871f994481fd564a0303564) Importer(815301076,1909f56bfc062723c751e8b465ee728b) [PhysX] Initialized MultithreadedTaskDispatcher with 20 workers.
[PhysX] Initialized MultithreadedTaskDispatcher with 20 workers.
 -> (artifact id: '940bc1b7dc31183565f53ee18ac5e08c') in 0.015255 seconds
Number of updated asset objects reloaded before import = 0
Number of asset objects unloaded after import = 2
========================================================================
Received Import Request.
  Time since last request: 0.293419 seconds.
  path: Assets/PNG/buttonLong_brown.png
  artifactKey: Guid(eca82a963df369148bbd8e23c562661d) Importer(815301076,1909f56bfc062723c751e8b465ee728b)
Start importing Assets/PNG/buttonLong_brown.png using Guid(eca82a963df369148bbd8e23c562661d) Importer(815301076,1909f56bfc062723c751e8b465ee728b) [PhysX] Initialized MultithreadedTaskDispatcher with 20 workers.
[PhysX] Initialized MultithreadedTaskDispatcher with 20 workers.
 -> (artifact id: '75b8b90836d6ea594d480d2408716f4b') in 0.018330 seconds
Number of updated asset objects reloaded before import = 0
Number of asset objects unloaded after import = 2
========================================================================
Received Import Request.
  Time since last request: 0.000055 seconds.
  path: Assets/PNG/buttonLong_brown_pressed.png
  artifactKey: Guid(757c59d1b050e4647a5075177a5599a2) Importer(815301076,1909f56bfc062723c751e8b465ee728b)
Start importing Assets/PNG/buttonLong_brown_pressed.png using Guid(757c59d1b050e4647a5075177a5599a2) Importer(815301076,1909f56bfc062723c751e8b465ee728b) [PhysX] Initialized MultithreadedTaskDispatcher with 20 workers.
[PhysX] Initialized MultithreadedTaskDispatcher with 20 workers.
 -> (artifact id: '458fa1e3d6010b3cf27c97672b675e99') in 0.012484 seconds
Number of updated asset objects reloaded before import = 0
Number of asset objects unloaded after import = 2
========================================================================
Received Import Request.
  Time since last request: 0.000037 seconds.
  path: Assets/PNG/buttonRound_beige.png
  artifactKey: Guid(3eccf9a3d41aa3f47bb330ff5be8b120) Importer(815301076,1909f56bfc062723c751e8b465ee728b)
Start importing Assets/PNG/buttonRound_beige.png using Guid(3eccf9a3d41aa3f47bb330ff5be8b120) Importer(815301076,1909f56bfc062723c751e8b465ee728b) [PhysX] Initialized MultithreadedTaskDispatcher with 20 workers.
[PhysX] Initialized MultithreadedTaskDispatcher with 20 workers.
 -> (artifact id: 'cc99cd2818045a59d6f8c0b297fbc66c') in 0.015065 seconds
Number of updated asset objects reloaded before import = 0
Number of asset objects unloaded after import = 2
========================================================================
Received Import Request.
  Time since last request: 0.000021 seconds.
  path: Assets/PNG/buttonRound_grey.png
  artifactKey: Guid(fa2237c1d3e741b46bbb0a3e62ba3e17) Importer(815301076,1909f56bfc062723c751e8b465ee728b)
Start importing Assets/PNG/buttonRound_grey.png using Guid(fa2237c1d3e741b46bbb0a3e62ba3e17) Importer(815301076,1909f56bfc062723c751e8b465ee728b) [PhysX] Initialized MultithreadedTaskDispatcher with 20 workers.
[PhysX] Initialized MultithreadedTaskDispatcher with 20 workers.
 -> (artifact id: '18fc8612787a2f1bb26a10bec858224f') in 0.014697 seconds
Number of updated asset objects reloaded before import = 0
Number of asset objects unloaded after import = 2
========================================================================
Received Import Request.
  Time since last request: 0.000026 seconds.
  path: Assets/PNG/buttonSquare_brown.png
  artifactKey: Guid(068010e783d837b4a8aca377b9c6542a) Importer(815301076,1909f56bfc062723c751e8b465ee728b)
Start importing Assets/PNG/buttonSquare_brown.png using Guid(068010e783d837b4a8aca377b9c6542a) Importer(815301076,1909f56bfc062723c751e8b465ee728b) [PhysX] Initialized MultithreadedTaskDispatcher with 20 workers.
[PhysX] Initialized MultithreadedTaskDispatcher with 20 workers.
 -> (artifact id: '6fe8ed90fc12cd23b42b1a0edbb58376') in 0.013171 seconds
Number of updated asset objects reloaded before import = 0
Number of asset objects unloaded after import = 2
========================================================================
Received Import Request.
  Time since last request: 0.000028 seconds.
  path: Assets/PNG/buttonSquare_beige.png
  artifactKey: Guid(57910869846c9ce4f95a30060c00cfd2) Importer(815301076,1909f56bfc062723c751e8b465ee728b)
Start importing Assets/PNG/buttonSquare_beige.png using Guid(57910869846c9ce4f95a30060c00cfd2) Importer(815301076,1909f56bfc062723c751e8b465ee728b) [PhysX] Initialized MultithreadedTaskDispatcher with 20 workers.
[PhysX] Initialized MultithreadedTaskDispatcher with 20 workers.
 -> (artifact id: '910c95694341c503935c4a0ef0f18b05') in 0.014474 seconds
Number of updated asset objects reloaded before import = 0
Number of asset objects unloaded after import = 2
========================================================================
Received Import Request.
  Time since last request: 0.000027 seconds.
  path: Assets/PNG/buttonSquare_blue_pressed.png
  artifactKey: Guid(5f029f91ef701b547884ac2150513e64) Importer(815301076,1909f56bfc062723c751e8b465ee728b)
Start importing Assets/PNG/buttonSquare_blue_pressed.png using Guid(5f029f91ef701b547884ac2150513e64) Importer(815301076,1909f56bfc062723c751e8b465ee728b) [PhysX] Initialized MultithreadedTaskDispatcher with 20 workers.
[PhysX] Initialized MultithreadedTaskDispatcher with 20 workers.
 -> (artifact id: 'dbe2c3235c1dc98ef66fbaa1133bc962') in 0.012389 seconds
Number of updated asset objects reloaded before import = 0
Number of asset objects unloaded after import = 2
========================================================================
Received Import Request.
  Time since last request: 0.000032 seconds.
  path: Assets/PNG/cursorGauntlet_grey.png
  artifactKey: Guid(4c64061ab52479c42816dde4c156e001) Importer(815301076,1909f56bfc062723c751e8b465ee728b)
Start importing Assets/PNG/cursorGauntlet_grey.png using Guid(4c64061ab52479c42816dde4c156e001) Importer(815301076,1909f56bfc062723c751e8b465ee728b) [PhysX] Initialized MultithreadedTaskDispatcher with 20 workers.
[PhysX] Initialized MultithreadedTaskDispatcher with 20 workers.
 -> (artifact id: 'dca07e21a74d3969a7d03c78329bfcd9') in 0.014473 seconds
Number of updated asset objects reloaded before import = 0
Number of asset objects unloaded after import = 2
========================================================================
Received Import Request.
  Time since last request: 0.000034 seconds.
  path: Assets/PNG/cursorHand_beige.png
  artifactKey: Guid(0868e1f5a7196364786a0b95ff6d77fb) Importer(815301076,1909f56bfc062723c751e8b465ee728b)
Start importing Assets/PNG/cursorHand_beige.png using Guid(0868e1f5a7196364786a0b95ff6d77fb) Importer(815301076,1909f56bfc062723c751e8b465ee728b) [PhysX] Initialized MultithreadedTaskDispatcher with 20 workers.
[PhysX] Initialized MultithreadedTaskDispatcher with 20 workers.
 -> (artifact id: 'dde79072251a95f2fd12f7987906b596') in 0.012904 seconds
Number of updated asset objects reloaded before import = 0
Number of asset objects unloaded after import = 2
========================================================================
Received Import Request.
  Time since last request: 0.000063 seconds.
  path: Assets/PNG/iconCircle_blue.png
  artifactKey: Guid(89736054a21d8fe48ab4f8ac9b439ca9) Importer(815301076,1909f56bfc062723c751e8b465ee728b)
Start importing Assets/PNG/iconCircle_blue.png using Guid(89736054a21d8fe48ab4f8ac9b439ca9) Importer(815301076,1909f56bfc062723c751e8b465ee728b) [PhysX] Initialized MultithreadedTaskDispatcher with 20 workers.
[PhysX] Initialized MultithreadedTaskDispatcher with 20 workers.
 -> (artifact id: 'ea61d18275658ef3eeeaf2616bfd6b8b') in 0.013945 seconds
Number of updated asset objects reloaded before import = 0
Number of asset objects unloaded after import = 2
========================================================================
Received Import Request.
  Time since last request: 0.000027 seconds.
  path: Assets/PNG/iconCheck_blue.png
  artifactKey: Guid(31fc5d97fa6143641bf19a4d020c7fe3) Importer(815301076,1909f56bfc062723c751e8b465ee728b)
Start importing Assets/PNG/iconCheck_blue.png using Guid(31fc5d97fa6143641bf19a4d020c7fe3) Importer(815301076,1909f56bfc062723c751e8b465ee728b) [PhysX] Initialized MultithreadedTaskDispatcher with 20 workers.
[PhysX] Initialized MultithreadedTaskDispatcher with 20 workers.
 -> (artifact id: '186acd3061e0ba2464536a3fa18e590d') in 0.012216 seconds
Number of updated asset objects reloaded before import = 0
Number of asset objects unloaded after import = 2
========================================================================
Received Import Request.
  Time since last request: 0.000027 seconds.
  path: Assets/PNG/cursorGauntlet_blue.png
  artifactKey: Guid(1f9279404861ad8469fda4cda84d4890) Importer(815301076,1909f56bfc062723c751e8b465ee728b)
Start importing Assets/PNG/cursorGauntlet_blue.png using Guid(1f9279404861ad8469fda4cda84d4890) Importer(815301076,1909f56bfc062723c751e8b465ee728b) [PhysX] Initialized MultithreadedTaskDispatcher with 20 workers.
[PhysX] Initialized MultithreadedTaskDispatcher with 20 workers.
 -> (artifact id: 'a7ea45b9f6b23ce97782bc3a788c89d2') in 0.012987 seconds
Number of updated asset objects reloaded before import = 0
Number of asset objects unloaded after import = 2
========================================================================
Received Import Request.
  Time since last request: 0.000025 seconds.
  path: Assets/PNG/cursorSword_gold.png
  artifactKey: Guid(25ff5804a0f538348b7c316b239a5743) Importer(815301076,1909f56bfc062723c751e8b465ee728b)
Start importing Assets/PNG/cursorSword_gold.png using Guid(25ff5804a0f538348b7c316b239a5743) Importer(815301076,1909f56bfc062723c751e8b465ee728b) [PhysX] Initialized MultithreadedTaskDispatcher with 20 workers.
[PhysX] Initialized MultithreadedTaskDispatcher with 20 workers.
 -> (artifact id: '076bfe51eedbd23c885b17792545d437') in 0.013265 seconds
Number of updated asset objects reloaded before import = 0
Number of asset objects unloaded after import = 2
========================================================================
Received Import Request.
  Time since last request: 0.000027 seconds.
  path: Assets/PNG/cursorHand_grey.png
  artifactKey: Guid(4510fa8be01cb314e96360968b3c594f) Importer(815301076,1909f56bfc062723c751e8b465ee728b)
Start importing Assets/PNG/cursorHand_grey.png using Guid(4510fa8be01cb314e96360968b3c594f) Importer(815301076,1909f56bfc062723c751e8b465ee728b) [PhysX] Initialized MultithreadedTaskDispatcher with 20 workers.
[PhysX] Initialized MultithreadedTaskDispatcher with 20 workers.
 -> (artifact id: 'be2a8edb9a0c7a7981c23e938c2bd81f') in 0.013429 seconds
Number of updated asset objects reloaded before import = 0
Number of asset objects unloaded after import = 2
========================================================================
Received Import Request.
  Time since last request: 0.000036 seconds.
  path: Assets/PNG/buttonSquare_blue.png
  artifactKey: Guid(24393abef0b63cf4f865ab33b0511681) Importer(815301076,1909f56bfc062723c751e8b465ee728b)
Start importing Assets/PNG/buttonSquare_blue.png using Guid(24393abef0b63cf4f865ab33b0511681) Importer(815301076,1909f56bfc062723c751e8b465ee728b) [PhysX] Initialized MultithreadedTaskDispatcher with 20 workers.
[PhysX] Initialized MultithreadedTaskDispatcher with 20 workers.
 -> (artifact id: '7083dc472040ea0b6f1abb0115034670') in 0.013482 seconds
Number of updated asset objects reloaded before import = 0
Number of asset objects unloaded after import = 2
========================================================================
Received Import Request.
  Time since last request: 0.000027 seconds.
  path: Assets/PNG/iconCircle_beige.png
  artifactKey: Guid(d57b27beb2844ce41a46b84a07c30c19) Importer(815301076,1909f56bfc062723c751e8b465ee728b)
Start importing Assets/PNG/iconCircle_beige.png using Guid(d57b27beb2844ce41a46b84a07c30c19) Importer(815301076,1909f56bfc062723c751e8b465ee728b) [PhysX] Initialized MultithreadedTaskDispatcher with 20 workers.
[PhysX] Initialized MultithreadedTaskDispatcher with 20 workers.
 -> (artifact id: 'f9b28750e5521823be2682755488ab89') in 0.012978 seconds
Number of updated asset objects reloaded before import = 0
Number of asset objects unloaded after import = 2
========================================================================
Received Import Request.
  Time since last request: 0.156459 seconds.
  path: Assets/PNG/iconCircle_grey.png
  artifactKey: Guid(08c0e20105a681643aa5c5fe53ff3431) Importer(815301076,1909f56bfc062723c751e8b465ee728b)
Start importing Assets/PNG/iconCircle_grey.png using Guid(08c0e20105a681643aa5c5fe53ff3431) Importer(815301076,1909f56bfc062723c751e8b465ee728b) [PhysX] Initialized MultithreadedTaskDispatcher with 20 workers.
[PhysX] Initialized MultithreadedTaskDispatcher with 20 workers.
 -> (artifact id: '0694ed91a27f0de62bf0fc10a9bc5069') in 0.014204 seconds
Number of updated asset objects reloaded before import = 0
Number of asset objects unloaded after import = 2
========================================================================
Received Import Request.
  Time since last request: 0.000027 seconds.
  path: Assets/PNG/panel_beige.png
  artifactKey: Guid(d96cfbf27e0392c41b1a290a83d0163f) Importer(815301076,1909f56bfc062723c751e8b465ee728b)
Start importing Assets/PNG/panel_beige.png using Guid(d96cfbf27e0392c41b1a290a83d0163f) Importer(815301076,1909f56bfc062723c751e8b465ee728b) [PhysX] Initialized MultithreadedTaskDispatcher with 20 workers.
[PhysX] Initialized MultithreadedTaskDispatcher with 20 workers.
 -> (artifact id: '85d3d9e6a9ee879b59ac6507fab0fd5a') in 0.019559 seconds
Number of updated asset objects reloaded before import = 0
Number of asset objects unloaded after import = 2
========================================================================
Received Import Request.
  Time since last request: 0.000028 seconds.
  path: Assets/PNG/panel_beigeLight.png
  artifactKey: Guid(b5cc3d992330cdc4591b40b78215d115) Importer(815301076,1909f56bfc062723c751e8b465ee728b)
Start importing Assets/PNG/panel_beigeLight.png using Guid(b5cc3d992330cdc4591b40b78215d115) Importer(815301076,1909f56bfc062723c751e8b465ee728b) [PhysX] Initialized MultithreadedTaskDispatcher with 20 workers.
[PhysX] Initialized MultithreadedTaskDispatcher with 20 workers.
 -> (artifact id: '15d8f1b10e7ef320b3c67da5a638b3a6') in 0.014418 seconds
Number of updated asset objects reloaded before import = 0
Number of asset objects unloaded after import = 2
========================================================================
Received Import Request.
  Time since last request: 0.000025 seconds.
  path: Assets/PNG/panelInset_beigeLight.png
  artifactKey: Guid(b26ec9810bebabd489be4404447fe7f3) Importer(815301076,1909f56bfc062723c751e8b465ee728b)
Start importing Assets/PNG/panelInset_beigeLight.png using Guid(b26ec9810bebabd489be4404447fe7f3) Importer(815301076,1909f56bfc062723c751e8b465ee728b) [PhysX] Initialized MultithreadedTaskDispatcher with 20 workers.
[PhysX] Initialized MultithreadedTaskDispatcher with 20 workers.
 -> (artifact id: '5538a0d2e1c452b5773865582b9982a0') in 0.017754 seconds
Number of updated asset objects reloaded before import = 0
Number of asset objects unloaded after import = 2
========================================================================
Received Import Request.
  Time since last request: 0.000026 seconds.
  path: Assets/PNG/panelInset_beige.png
  artifactKey: Guid(ce7266c8eb1f0164ca611e7b51c1123b) Importer(815301076,1909f56bfc062723c751e8b465ee728b)
Start importing Assets/PNG/panelInset_beige.png using Guid(ce7266c8eb1f0164ca611e7b51c1123b) Importer(815301076,1909f56bfc062723c751e8b465ee728b) [PhysX] Initialized MultithreadedTaskDispatcher with 20 workers.
[PhysX] Initialized MultithreadedTaskDispatcher with 20 workers.
 -> (artifact id: '06928dabcbd97ccea7debf1cda78a979') in 0.012659 seconds
Number of updated asset objects reloaded before import = 0
Number of asset objects unloaded after import = 2
========================================================================
Received Import Request.
  Time since last request: 0.000021 seconds.
  path: Assets/PNG/panel_brown.png
  artifactKey: Guid(24e4ab32c73d2444585e996976590904) Importer(815301076,1909f56bfc062723c751e8b465ee728b)
Start importing Assets/PNG/panel_brown.png using Guid(24e4ab32c73d2444585e996976590904) Importer(815301076,1909f56bfc062723c751e8b465ee728b) [PhysX] Initialized MultithreadedTaskDispatcher with 20 workers.
[PhysX] Initialized MultithreadedTaskDispatcher with 20 workers.
 -> (artifact id: '60ba27c346627bb4dd8e4b75d2fa405e') in 0.013076 seconds
Number of updated asset objects reloaded before import = 0
Number of asset objects unloaded after import = 2
========================================================================
Received Import Request.
  Time since last request: 0.000027 seconds.
  path: Assets/PNG/iconCross_blue.png
  artifactKey: Guid(e37cf771e5a109b4c92dfd2201a961f6) Importer(815301076,1909f56bfc062723c751e8b465ee728b)
Start importing Assets/PNG/iconCross_blue.png using Guid(e37cf771e5a109b4c92dfd2201a961f6) Importer(815301076,1909f56bfc062723c751e8b465ee728b) [PhysX] Initialized MultithreadedTaskDispatcher with 20 workers.
[PhysX] Initialized MultithreadedTaskDispatcher with 20 workers.
 -> (artifact id: 'abebf92c1469f52d730e8f3dc31e77e1') in 0.012130 seconds
Number of updated asset objects reloaded before import = 0
Number of asset objects unloaded after import = 2
Editor requested this worker to shutdown with reason: Scaling down because of idle timeout
TcpMessagingSession - receive error: operation aborted. errorcode: 995, details: ќпераци€ ввода/вывода была прервана из-за завершени€ потока команд или по запросу приложени€.
AssetImportWorker is now disconnected from the server
Process exiting
Exiting without the bug reporter. Application will terminate with return code 0